[debug] ----------------------------------------------------------------------
[debug] Command:      /usr/local/Cellar/node/6.9.1/bin/node /usr/local/bin/firebase serve
[debug] CLI Version:  3.8.0
[debug] Platform:     darwin
[debug] Node Version: v6.9.1
[debug] Time:         Mon Jun 05 2017 18:25:08 GMT-0700 (MST)
[debug] ----------------------------------------------------------------------
[debug] 
[debug] > command requires scopes: ["email","openid","https://www.googleapis.com/auth/cloudplatformprojects.readonly","https://www.googleapis.com/auth/firebase","https://www.googleapis.com/auth/cloud-platform"]
[debug] >>> HTTP REQUEST GET https://admin.firebase.com/v1/projects/limeaid-63730  
 Mon Jun 05 2017 18:25:08 GMT-0700 (MST)
[debug] <<< HTTP RESPONSE 200
[debug] >>> HTTP REQUEST GET https://admin.firebase.com/v1/database/limeaid-63730/tokens  
 Mon Jun 05 2017 18:25:09 GMT-0700 (MST)
[debug] <<< HTTP RESPONSE 200
[info] 
[info] === Serving from '/Users/appledev/Sites/polymer/janus'...
[info] 
[debug] >>> HTTP REQUEST GET https://cloudresourcemanager.googleapis.com/v1/projects/limeaid-63730  
 Mon Jun 05 2017 18:25:10 GMT-0700 (MST)
[debug] <<< HTTP RESPONSE 200
[debug] >>> HTTP REQUEST GET https://mobilesdk-pa.googleapis.com/v1/projects/328254476807/clients/_:getWebAppConfig  
 Mon Jun 05 2017 18:25:10 GMT-0700 (MST)
[debug] <<< HTTP RESPONSE 200
[info] i  hosting: Serving hosting files from: public
[info] ✔  hosting: Local server: http://localhost:5000

[debug] ----------------------------------------------------------------------
[debug] Command:      /usr/local/Cellar/node/6.9.1/bin/node /usr/local/bin/firebase serve
[debug] CLI Version:  3.8.0
[debug] Platform:     darwin
[debug] Node Version: v6.9.1
[debug] Time:         Mon Jun 05 2017 18:36:30 GMT-0700 (MST)
[debug] ----------------------------------------------------------------------
[debug] 
[debug] > command requires scopes: ["email","openid","https://www.googleapis.com/auth/cloudplatformprojects.readonly","https://www.googleapis.com/auth/firebase","https://www.googleapis.com/auth/cloud-platform"]
[debug] >>> HTTP REQUEST GET https://admin.firebase.com/v1/projects/limeaid-63730  
 Mon Jun 05 2017 18:36:30 GMT-0700 (MST)
[debug] <<< HTTP RESPONSE 200
[debug] >>> HTTP REQUEST GET https://admin.firebase.com/v1/database/limeaid-63730/tokens  
 Mon Jun 05 2017 18:36:31 GMT-0700 (MST)
[debug] <<< HTTP RESPONSE 200
[info] 
[info] === Serving from '/Users/appledev/Sites/polymer/janus'...
[info] 
[debug] >>> HTTP REQUEST GET https://cloudresourcemanager.googleapis.com/v1/projects/limeaid-63730  
 Mon Jun 05 2017 18:36:32 GMT-0700 (MST)
[debug] <<< HTTP RESPONSE 200
[debug] >>> HTTP REQUEST GET https://mobilesdk-pa.googleapis.com/v1/projects/328254476807/clients/_:getWebAppConfig  
 Mon Jun 05 2017 18:36:32 GMT-0700 (MST)
[debug] <<< HTTP RESPONSE 200
[warn] ⚠  hosting: Port 5000 is not available. Trying another port...
[debug] >>> HTTP REQUEST GET https://cloudresourcemanager.googleapis.com/v1/projects/limeaid-63730  
 Mon Jun 05 2017 18:36:33 GMT-0700 (MST)
[debug] <<< HTTP RESPONSE 200
[debug] >>> HTTP REQUEST GET https://mobilesdk-pa.googleapis.com/v1/projects/328254476807/clients/_:getWebAppConfig  
 Mon Jun 05 2017 18:36:33 GMT-0700 (MST)
[debug] <<< HTTP RESPONSE 200
[info] i  hosting: Serving hosting files from: public
[info] ✔  hosting: Local server: http://localhost:5004

[debug] ----------------------------------------------------------------------
[debug] Command:      /usr/local/Cellar/node/6.9.1/bin/node /usr/local/bin/firebase serve
[debug] CLI Version:  3.8.0
[debug] Platform:     darwin
[debug] Node Version: v6.9.1
[debug] Time:         Mon Jun 05 2017 18:59:06 GMT-0700 (MST)
[debug] ----------------------------------------------------------------------
[debug] 
[debug] > command requires scopes: ["email","openid","https://www.googleapis.com/auth/cloudplatformprojects.readonly","https://www.googleapis.com/auth/firebase","https://www.googleapis.com/auth/cloud-platform"]
[debug] >>> HTTP REQUEST GET https://admin.firebase.com/v1/projects/limeaid-63730  
 Mon Jun 05 2017 18:59:06 GMT-0700 (MST)
[debug] <<< HTTP RESPONSE 200
[debug] >>> HTTP REQUEST GET https://admin.firebase.com/v1/database/limeaid-63730/tokens  
 Mon Jun 05 2017 18:59:07 GMT-0700 (MST)
[debug] <<< HTTP RESPONSE 200
[info] 
[info] === Serving from '/Users/appledev/Sites/polymer/janus'...
[info] 
[debug] >>> HTTP REQUEST GET https://cloudresourcemanager.googleapis.com/v1/projects/limeaid-63730  
 Mon Jun 05 2017 18:59:08 GMT-0700 (MST)
[debug] <<< HTTP RESPONSE 200
[debug] >>> HTTP REQUEST GET https://mobilesdk-pa.googleapis.com/v1/projects/328254476807/clients/_:getWebAppConfig  
 Mon Jun 05 2017 18:59:08 GMT-0700 (MST)
[debug] <<< HTTP RESPONSE 200
[warn] ⚠  hosting: Port 5000 is not available. Trying another port...
[debug] >>> HTTP REQUEST GET https://cloudresourcemanager.googleapis.com/v1/projects/limeaid-63730  
 Mon Jun 05 2017 18:59:09 GMT-0700 (MST)
[debug] <<< HTTP RESPONSE 200
[debug] >>> HTTP REQUEST GET https://mobilesdk-pa.googleapis.com/v1/projects/328254476807/clients/_:getWebAppConfig  
 Mon Jun 05 2017 18:59:09 GMT-0700 (MST)
[debug] <<< HTTP RESPONSE 200
[warn] ⚠  hosting: Port 5004 is not available. Trying another port...
[debug] >>> HTTP REQUEST GET https://cloudresourcemanager.googleapis.com/v1/projects/limeaid-63730  
 Mon Jun 05 2017 18:59:10 GMT-0700 (MST)
[debug] <<< HTTP RESPONSE 200
[debug] >>> HTTP REQUEST GET https://mobilesdk-pa.googleapis.com/v1/projects/328254476807/clients/_:getWebAppConfig  
 Mon Jun 05 2017 18:59:10 GMT-0700 (MST)
[debug] <<< HTTP RESPONSE 200
[info] i  hosting: Serving hosting files from: public
[info] ✔  hosting: Local server: http://localhost:5008

[debug] ----------------------------------------------------------------------
[debug] Command:      /usr/local/Cellar/node/6.9.1/bin/node /usr/local/bin/firebase serve
[debug] CLI Version:  3.8.0
[debug] Platform:     darwin
[debug] Node Version: v6.9.1
[debug] Time:         Mon Jun 05 2017 19:38:50 GMT-0700 (MST)
[debug] ----------------------------------------------------------------------
[debug] 
[debug] > command requires scopes: ["email","openid","https://www.googleapis.com/auth/cloudplatformprojects.readonly","https://www.googleapis.com/auth/firebase","https://www.googleapis.com/auth/cloud-platform"]
[debug] >>> HTTP REQUEST GET https://admin.firebase.com/v1/projects/limeaid-63730  
 Mon Jun 05 2017 19:38:50 GMT-0700 (MST)
[debug] <<< HTTP RESPONSE 200
[debug] >>> HTTP REQUEST GET https://admin.firebase.com/v1/database/limeaid-63730/tokens  
 Mon Jun 05 2017 19:38:51 GMT-0700 (MST)
[debug] <<< HTTP RESPONSE 200
[info] 
[info] === Serving from '/Users/appledev/Sites/polymer/janus'...
[info] 
[debug] >>> HTTP REQUEST GET https://cloudresourcemanager.googleapis.com/v1/projects/limeaid-63730  
 Mon Jun 05 2017 19:38:52 GMT-0700 (MST)
[debug] <<< HTTP RESPONSE 200
[debug] >>> HTTP REQUEST GET https://mobilesdk-pa.googleapis.com/v1/projects/328254476807/clients/_:getWebAppConfig  
 Mon Jun 05 2017 19:38:53 GMT-0700 (MST)
[debug] <<< HTTP RESPONSE 200
[warn] ⚠  hosting: Port 5000 is not available. Trying another port...
[debug] >>> HTTP REQUEST GET https://cloudresourcemanager.googleapis.com/v1/projects/limeaid-63730  
 Mon Jun 05 2017 19:38:53 GMT-0700 (MST)
[debug] <<< HTTP RESPONSE 200
[debug] >>> HTTP REQUEST GET https://mobilesdk-pa.googleapis.com/v1/projects/328254476807/clients/_:getWebAppConfig  
 Mon Jun 05 2017 19:38:54 GMT-0700 (MST)
[debug] <<< HTTP RESPONSE 200
[warn] ⚠  hosting: Port 5004 is not available. Trying another port...
[debug] >>> HTTP REQUEST GET https://cloudresourcemanager.googleapis.com/v1/projects/limeaid-63730  
 Mon Jun 05 2017 19:38:54 GMT-0700 (MST)
[debug] <<< HTTP RESPONSE 200
[debug] >>> HTTP REQUEST GET https://mobilesdk-pa.googleapis.com/v1/projects/328254476807/clients/_:getWebAppConfig  
 Mon Jun 05 2017 19:38:54 GMT-0700 (MST)
[debug] <<< HTTP RESPONSE 200
[warn] ⚠  hosting: Port 5008 is not available. Trying another port...
[debug] >>> HTTP REQUEST GET https://cloudresourcemanager.googleapis.com/v1/projects/limeaid-63730  
 Mon Jun 05 2017 19:38:55 GMT-0700 (MST)
[debug] <<< HTTP RESPONSE 200
[debug] >>> HTTP REQUEST GET https://mobilesdk-pa.googleapis.com/v1/projects/328254476807/clients/_:getWebAppConfig  
 Mon Jun 05 2017 19:38:55 GMT-0700 (MST)
[debug] <<< HTTP RESPONSE 200
[warn] ⚠  hosting: Port 5012 is not available. Trying another port...
[debug] >>> HTTP REQUEST GET https://cloudresourcemanager.googleapis.com/v1/projects/limeaid-63730  
 Mon Jun 05 2017 19:38:56 GMT-0700 (MST)
[debug] <<< HTTP RESPONSE 200
[debug] >>> HTTP REQUEST GET https://mobilesdk-pa.googleapis.com/v1/projects/328254476807/clients/_:getWebAppConfig  
 Mon Jun 05 2017 19:38:56 GMT-0700 (MST)
[debug] <<< HTTP RESPONSE 200
[warn] ⚠  hosting: Port 5016 is not available. Trying another port...
[debug] >>> HTTP REQUEST GET https://cloudresourcemanager.googleapis.com/v1/projects/limeaid-63730  
 Mon Jun 05 2017 19:38:57 GMT-0700 (MST)
[debug] <<< HTTP RESPONSE 200
[debug] >>> HTTP REQUEST GET https://mobilesdk-pa.googleapis.com/v1/projects/328254476807/clients/_:getWebAppConfig  
 Mon Jun 05 2017 19:38:57 GMT-0700 (MST)
[debug] <<< HTTP RESPONSE 200
[warn] ⚠  hosting: Port 5020 is not available. Trying another port...
[debug] >>> HTTP REQUEST GET https://cloudresourcemanager.googleapis.com/v1/projects/limeaid-63730  
 Mon Jun 05 2017 19:38:57 GMT-0700 (MST)
[debug] <<< HTTP RESPONSE 200
[debug] >>> HTTP REQUEST GET https://mobilesdk-pa.googleapis.com/v1/projects/328254476807/clients/_:getWebAppConfig  
 Mon Jun 05 2017 19:38:58 GMT-0700 (MST)
[debug] <<< HTTP RESPONSE 200
[info] i  hosting: Serving hosting files from: public
[info] ✔  hosting: Local server: http://localhost:5024

[debug] ----------------------------------------------------------------------
[debug] Command:      /usr/local/Cellar/node/6.9.1/bin/node /usr/local/bin/firebase serve
[debug] CLI Version:  3.8.0
[debug] Platform:     darwin
[debug] Node Version: v6.9.1
[debug] Time:         Mon Jun 05 2017 19:54:58 GMT-0700 (MST)
[debug] ----------------------------------------------------------------------
[debug] 
[debug] > command requires scopes: ["email","openid","https://www.googleapis.com/auth/cloudplatformprojects.readonly","https://www.googleapis.com/auth/firebase","https://www.googleapis.com/auth/cloud-platform"]
[debug] >>> HTTP REQUEST GET https://admin.firebase.com/v1/projects/limeaid-63730  
 Mon Jun 05 2017 19:54:58 GMT-0700 (MST)
[debug] <<< HTTP RESPONSE 200
[debug] >>> HTTP REQUEST GET https://admin.firebase.com/v1/database/limeaid-63730/tokens  
 Mon Jun 05 2017 19:54:59 GMT-0700 (MST)
[debug] <<< HTTP RESPONSE 200
[info] 
[info] === Serving from '/Users/appledev/Sites/polymer/janus'...
[info] 
[debug] >>> HTTP REQUEST GET https://cloudresourcemanager.googleapis.com/v1/projects/limeaid-63730  
 Mon Jun 05 2017 19:55:00 GMT-0700 (MST)
[debug] ----------------------------------------------------------------------
[debug] Command:      /usr/local/Cellar/node/6.9.1/bin/node /usr/local/bin/firebase serve
[debug] CLI Version:  3.8.0
[debug] Platform:     darwin
[debug] Node Version: v6.9.1
[debug] Time:         Mon Jun 05 2017 19:55:58 GMT-0700 (MST)
[debug] ----------------------------------------------------------------------
[debug] 
[debug] > command requires scopes: ["email","openid","https://www.googleapis.com/auth/cloudplatformprojects.readonly","https://www.googleapis.com/auth/firebase","https://www.googleapis.com/auth/cloud-platform"]
[debug] >>> HTTP REQUEST GET https://admin.firebase.com/v1/projects/limeaid-63730  
 Mon Jun 05 2017 19:55:58 GMT-0700 (MST)
[debug] <<< HTTP RESPONSE 200
[debug] >>> HTTP REQUEST GET https://admin.firebase.com/v1/database/limeaid-63730/tokens  
 Mon Jun 05 2017 19:55:59 GMT-0700 (MST)
[debug] <<< HTTP RESPONSE 200
[info] 
[info] === Serving from '/Users/appledev/Sites/polymer/janus'...
[info] 
[debug] >>> HTTP REQUEST GET https://cloudresourcemanager.googleapis.com/v1/projects/limeaid-63730  
 Mon Jun 05 2017 19:55:59 GMT-0700 (MST)
[debug] <<< HTTP RESPONSE 200
[debug] >>> HTTP REQUEST GET https://mobilesdk-pa.googleapis.com/v1/projects/328254476807/clients/_:getWebAppConfig  
 Mon Jun 05 2017 19:56:00 GMT-0700 (MST)
[debug] <<< HTTP RESPONSE 200
[info] i  hosting: Serving hosting files from: public
[info] ✔  hosting: Local server: http://localhost:5000

[debug] ----------------------------------------------------------------------
[debug] Command:      /usr/local/Cellar/node/6.9.1/bin/node /usr/local/bin/firebase serve
[debug] CLI Version:  3.8.0
[debug] Platform:     darwin
[debug] Node Version: v6.9.1
[debug] Time:         Mon Jun 05 2017 19:57:20 GMT-0700 (MST)
[debug] ----------------------------------------------------------------------
[debug] 
[debug] > command requires scopes: ["email","openid","https://www.googleapis.com/auth/cloudplatformprojects.readonly","https://www.googleapis.com/auth/firebase","https://www.googleapis.com/auth/cloud-platform"]
[debug] >>> HTTP REQUEST GET https://admin.firebase.com/v1/projects/limeaid-63730  
 Mon Jun 05 2017 19:57:20 GMT-0700 (MST)
[debug] <<< HTTP RESPONSE 200
[debug] >>> HTTP REQUEST GET https://admin.firebase.com/v1/database/limeaid-63730/tokens  
 Mon Jun 05 2017 19:57:21 GMT-0700 (MST)
[debug] <<< HTTP RESPONSE 200
[info] 
[info] === Serving from '/Users/appledev/Sites/polymer/janus'...
[info] 
[debug] >>> HTTP REQUEST GET https://cloudresourcemanager.googleapis.com/v1/projects/limeaid-63730  
 Mon Jun 05 2017 19:57:21 GMT-0700 (MST)
[debug] ----------------------------------------------------------------------
[debug] Command:      /usr/local/Cellar/node/6.9.1/bin/node /usr/local/bin/firebase serve
[debug] CLI Version:  3.8.0
[debug] Platform:     darwin
[debug] Node Version: v6.9.1
[debug] Time:         Mon Jun 05 2017 19:58:07 GMT-0700 (MST)
[debug] ----------------------------------------------------------------------
[debug] 
[debug] > command requires scopes: ["email","openid","https://www.googleapis.com/auth/cloudplatformprojects.readonly","https://www.googleapis.com/auth/firebase","https://www.googleapis.com/auth/cloud-platform"]
[debug] >>> HTTP REQUEST GET https://admin.firebase.com/v1/projects/limeaid-63730  
 Mon Jun 05 2017 19:58:07 GMT-0700 (MST)
[debug] <<< HTTP RESPONSE 200
[debug] >>> HTTP REQUEST GET https://admin.firebase.com/v1/database/limeaid-63730/tokens  
 Mon Jun 05 2017 19:58:07 GMT-0700 (MST)
[debug] <<< HTTP RESPONSE 200
[info] 
[info] === Serving from '/Users/appledev/Sites/polymer/janus'...
[info] 
[debug] >>> HTTP REQUEST GET https://cloudresourcemanager.googleapis.com/v1/projects/limeaid-63730  
 Mon Jun 05 2017 19:58:08 GMT-0700 (MST)
[debug] <<< HTTP RESPONSE 200
[debug] >>> HTTP REQUEST GET https://mobilesdk-pa.googleapis.com/v1/projects/328254476807/clients/_:getWebAppConfig  
 Mon Jun 05 2017 19:58:08 GMT-0700 (MST)
[debug] <<< HTTP RESPONSE 200
[info] i  hosting: Serving hosting files from: public
[info] ✔  hosting: Local server: http://localhost:5000

[debug] ----------------------------------------------------------------------
[debug] Command:      /usr/local/Cellar/node/6.9.1/bin/node /usr/local/bin/firebase serve
[debug] CLI Version:  3.8.0
[debug] Platform:     darwin
[debug] Node Version: v6.9.1
[debug] Time:         Mon Jun 05 2017 20:10:45 GMT-0700 (MST)
[debug] ----------------------------------------------------------------------
[debug] 
[debug] > command requires scopes: ["email","openid","https://www.googleapis.com/auth/cloudplatformprojects.readonly","https://www.googleapis.com/auth/firebase","https://www.googleapis.com/auth/cloud-platform"]
[debug] > refreshing access token with scopes: ["email","https://www.googleapis.com/auth/cloud-platform","https://www.googleapis.com/auth/cloudplatformprojects.readonly","https://www.googleapis.com/auth/firebase","openid"]
[debug] >>> HTTP REQUEST POST https://www.googleapis.com/oauth2/v3/token { refresh_token: '1/ek0MCgDEYcO7I0OjJcT0uW7QmyCOnRoc_l-oZwg1q88',
  client_id: '563584335869-fgrhgmd47bqnekij5i8b5pr03ho849e6.apps.googleusercontent.com',
  client_secret: 'j9iVZfS8kkCEFUPaAeJV0sAi',
  grant_type: 'refresh_token',
  scope: 'email https://www.googleapis.com/auth/cloud-platform https://www.googleapis.com/auth/cloudplatformprojects.readonly https://www.googleapis.com/auth/firebase openid' } 
 Mon Jun 05 2017 20:10:46 GMT-0700 (MST)
[debug] ----------------------------------------------------------------------
[debug] Command:      /usr/local/Cellar/node/6.9.1/bin/node /usr/local/bin/firebase serve
[debug] CLI Version:  3.8.0
[debug] Platform:     darwin
[debug] Node Version: v6.9.1
[debug] Time:         Mon Jun 05 2017 20:11:11 GMT-0700 (MST)
[debug] ----------------------------------------------------------------------
[debug] 
[debug] > command requires scopes: ["email","openid","https://www.googleapis.com/auth/cloudplatformprojects.readonly","https://www.googleapis.com/auth/firebase","https://www.googleapis.com/auth/cloud-platform"]
[debug] > refreshing access token with scopes: ["email","https://www.googleapis.com/auth/cloud-platform","https://www.googleapis.com/auth/cloudplatformprojects.readonly","https://www.googleapis.com/auth/firebase","openid"]
[debug] >>> HTTP REQUEST POST https://www.googleapis.com/oauth2/v3/token { refresh_token: '1/ek0MCgDEYcO7I0OjJcT0uW7QmyCOnRoc_l-oZwg1q88',
  client_id: '563584335869-fgrhgmd47bqnekij5i8b5pr03ho849e6.apps.googleusercontent.com',
  client_secret: 'j9iVZfS8kkCEFUPaAeJV0sAi',
  grant_type: 'refresh_token',
  scope: 'email https://www.googleapis.com/auth/cloud-platform https://www.googleapis.com/auth/cloudplatformprojects.readonly https://www.googleapis.com/auth/firebase openid' } 
 Mon Jun 05 2017 20:11:11 GMT-0700 (MST)
[debug] <<< HTTP RESPONSE 200
[debug] >>> HTTP REQUEST GET https://admin.firebase.com/v1/projects/limeaid-63730  
 Mon Jun 05 2017 20:11:11 GMT-0700 (MST)
[debug] <<< HTTP RESPONSE 200
[debug] >>> HTTP REQUEST GET https://admin.firebase.com/v1/database/limeaid-63730/tokens  
 Mon Jun 05 2017 20:11:12 GMT-0700 (MST)
[debug] <<< HTTP RESPONSE 200
[info] 
[info] === Serving from '/Users/appledev/Sites/polymer/janus'...
[info] 
[debug] >>> HTTP REQUEST GET https://cloudresourcemanager.googleapis.com/v1/projects/limeaid-63730  
 Mon Jun 05 2017 20:11:12 GMT-0700 (MST)
[debug] <<< HTTP RESPONSE 200
[debug] >>> HTTP REQUEST GET https://mobilesdk-pa.googleapis.com/v1/projects/328254476807/clients/_:getWebAppConfig  
 Mon Jun 05 2017 20:11:13 GMT-0700 (MST)
[debug] <<< HTTP RESPONSE 200
[info] i  hosting: Serving hosting files from: public
[info] ✔  hosting: Local server: http://localhost:5000

[debug] ----------------------------------------------------------------------
[debug] Command:      /usr/local/Cellar/node/6.9.1/bin/node /usr/local/bin/firebase serve
[debug] CLI Version:  3.8.0
[debug] Platform:     darwin
[debug] Node Version: v6.9.1
[debug] Time:         Mon Jun 05 2017 20:14:32 GMT-0700 (MST)
[debug] ----------------------------------------------------------------------
[debug] 
[debug] > command requires scopes: ["email","openid","https://www.googleapis.com/auth/cloudplatformprojects.readonly","https://www.googleapis.com/auth/firebase","https://www.googleapis.com/auth/cloud-platform"]
[debug] >>> HTTP REQUEST GET https://admin.firebase.com/v1/projects/limeaid-63730  
 Mon Jun 05 2017 20:14:32 GMT-0700 (MST)
[debug] <<< HTTP RESPONSE 200
[debug] >>> HTTP REQUEST GET https://admin.firebase.com/v1/database/limeaid-63730/tokens  
 Mon Jun 05 2017 20:14:33 GMT-0700 (MST)
[debug] <<< HTTP RESPONSE 200
[info] 
[info] === Serving from '/Users/appledev/Sites/polymer/janus'...
[info] 
[debug] >>> HTTP REQUEST GET https://cloudresourcemanager.googleapis.com/v1/projects/limeaid-63730  
 Mon Jun 05 2017 20:14:34 GMT-0700 (MST)
[debug] ----------------------------------------------------------------------
[debug] Command:      /usr/local/Cellar/node/6.9.1/bin/node /usr/local/bin/firebase serve
[debug] CLI Version:  3.8.0
[debug] Platform:     darwin
[debug] Node Version: v6.9.1
[debug] Time:         Mon Jun 05 2017 20:14:59 GMT-0700 (MST)
[debug] ----------------------------------------------------------------------
[debug] 
[debug] > command requires scopes: ["email","openid","https://www.googleapis.com/auth/cloudplatformprojects.readonly","https://www.googleapis.com/auth/firebase","https://www.googleapis.com/auth/cloud-platform"]
[debug] >>> HTTP REQUEST GET https://admin.firebase.com/v1/projects/limeaid-63730  
 Mon Jun 05 2017 20:14:59 GMT-0700 (MST)
[debug] <<< HTTP RESPONSE 200
[debug] >>> HTTP REQUEST GET https://admin.firebase.com/v1/database/limeaid-63730/tokens  
 Mon Jun 05 2017 20:15:00 GMT-0700 (MST)
[debug] <<< HTTP RESPONSE 200
[info] 
[info] === Serving from '/Users/appledev/Sites/polymer/janus'...
[info] 
[debug] >>> HTTP REQUEST GET https://cloudresourcemanager.googleapis.com/v1/projects/limeaid-63730  
 Mon Jun 05 2017 20:15:00 GMT-0700 (MST)
[debug] <<< HTTP RESPONSE 200
[debug] >>> HTTP REQUEST GET https://mobilesdk-pa.googleapis.com/v1/projects/328254476807/clients/_:getWebAppConfig  
 Mon Jun 05 2017 20:15:01 GMT-0700 (MST)
[debug] <<< HTTP RESPONSE 200
[info] i  hosting: Serving hosting files from: public
[info] ✔  hosting: Local server: http://localhost:5000

[debug] ----------------------------------------------------------------------
[debug] Command:      /usr/local/Cellar/node/6.9.1/bin/node /usr/local/bin/firebase serve
[debug] CLI Version:  3.8.0
[debug] Platform:     darwin
[debug] Node Version: v6.9.1
[debug] Time:         Mon Jun 05 2017 20:22:50 GMT-0700 (MST)
[debug] ----------------------------------------------------------------------
[debug] 
[debug] > command requires scopes: ["email","openid","https://www.googleapis.com/auth/cloudplatformprojects.readonly","https://www.googleapis.com/auth/firebase","https://www.googleapis.com/auth/cloud-platform"]
[debug] >>> HTTP REQUEST GET https://admin.firebase.com/v1/projects/limeaid-63730  
 Mon Jun 05 2017 20:22:50 GMT-0700 (MST)
[debug] <<< HTTP RESPONSE 200
[debug] >>> HTTP REQUEST GET https://admin.firebase.com/v1/database/limeaid-63730/tokens  
 Mon Jun 05 2017 20:22:50 GMT-0700 (MST)
[debug] <<< HTTP RESPONSE 200
[info] 
[info] === Serving from '/Users/appledev/Sites/polymer/janus'...
[info] 
[debug] >>> HTTP REQUEST GET https://cloudresourcemanager.googleapis.com/v1/projects/limeaid-63730  
 Mon Jun 05 2017 20:22:51 GMT-0700 (MST)
[debug] <<< HTTP RESPONSE 200
[debug] >>> HTTP REQUEST GET https://mobilesdk-pa.googleapis.com/v1/projects/328254476807/clients/_:getWebAppConfig  
 Mon Jun 05 2017 20:22:51 GMT-0700 (MST)
[debug] <<< HTTP RESPONSE 200
[warn] ⚠  hosting: Port 5000 is not available. Trying another port...
[debug] >>> HTTP REQUEST GET https://cloudresourcemanager.googleapis.com/v1/projects/limeaid-63730  
 Mon Jun 05 2017 20:22:52 GMT-0700 (MST)
[debug] <<< HTTP RESPONSE 200
[debug] >>> HTTP REQUEST GET https://mobilesdk-pa.googleapis.com/v1/projects/328254476807/clients/_:getWebAppConfig  
 Mon Jun 05 2017 20:22:52 GMT-0700 (MST)
[debug] <<< HTTP RESPONSE 200
[info] i  hosting: Serving hosting files from: public
[info] ✔  hosting: Local server: http://localhost:5004

[debug] ----------------------------------------------------------------------
[debug] Command:      /usr/local/Cellar/node/6.9.1/bin/node /usr/local/bin/firebase serve
[debug] CLI Version:  3.8.0
[debug] Platform:     darwin
[debug] Node Version: v6.9.1
[debug] Time:         Mon Jun 05 2017 20:41:25 GMT-0700 (MST)
[debug] ----------------------------------------------------------------------
[debug] 
[debug] > command requires scopes: ["email","openid","https://www.googleapis.com/auth/cloudplatformprojects.readonly","https://www.googleapis.com/auth/firebase","https://www.googleapis.com/auth/cloud-platform"]
[debug] >>> HTTP REQUEST GET https://admin.firebase.com/v1/projects/limeaid-63730  
 Mon Jun 05 2017 20:41:25 GMT-0700 (MST)
[debug] <<< HTTP RESPONSE 200
[debug] >>> HTTP REQUEST GET https://admin.firebase.com/v1/database/limeaid-63730/tokens  
 Mon Jun 05 2017 20:41:26 GMT-0700 (MST)
[debug] <<< HTTP RESPONSE 200
[info] 
[info] === Serving from '/Users/appledev/Sites/polymer/janus'...
[info] 
[debug] >>> HTTP REQUEST GET https://cloudresourcemanager.googleapis.com/v1/projects/limeaid-63730  
 Mon Jun 05 2017 20:41:27 GMT-0700 (MST)
[debug] <<< HTTP RESPONSE 200
[debug] >>> HTTP REQUEST GET https://mobilesdk-pa.googleapis.com/v1/projects/328254476807/clients/_:getWebAppConfig  
 Mon Jun 05 2017 20:41:28 GMT-0700 (MST)
[debug] <<< HTTP RESPONSE 200
[warn] ⚠  hosting: Port 5000 is not available. Trying another port...
[debug] >>> HTTP REQUEST GET https://cloudresourcemanager.googleapis.com/v1/projects/limeaid-63730  
 Mon Jun 05 2017 20:41:29 GMT-0700 (MST)
[debug] <<< HTTP RESPONSE 200
[debug] >>> HTTP REQUEST GET https://mobilesdk-pa.googleapis.com/v1/projects/328254476807/clients/_:getWebAppConfig  
 Mon Jun 05 2017 20:41:29 GMT-0700 (MST)
[debug] <<< HTTP RESPONSE 200
[warn] ⚠  hosting: Port 5004 is not available. Trying another port...
[debug] >>> HTTP REQUEST GET https://cloudresourcemanager.googleapis.com/v1/projects/limeaid-63730  
 Mon Jun 05 2017 20:41:30 GMT-0700 (MST)
[debug] <<< HTTP RESPONSE 200
[debug] >>> HTTP REQUEST GET https://mobilesdk-pa.googleapis.com/v1/projects/328254476807/clients/_:getWebAppConfig  
 Mon Jun 05 2017 20:41:30 GMT-0700 (MST)
[debug] <<< HTTP RESPONSE 200
[info] i  hosting: Serving hosting files from: public
[info] ✔  hosting: Local server: http://localhost:5008

[debug] ----------------------------------------------------------------------
[debug] Command:      /usr/local/Cellar/node/6.9.1/bin/node /usr/local/bin/firebase serve
[debug] CLI Version:  3.8.0
[debug] Platform:     darwin
[debug] Node Version: v6.9.1
[debug] Time:         Mon Jun 05 2017 20:58:46 GMT-0700 (MST)
[debug] ----------------------------------------------------------------------
[debug] 
[debug] > command requires scopes: ["email","openid","https://www.googleapis.com/auth/cloudplatformprojects.readonly","https://www.googleapis.com/auth/firebase","https://www.googleapis.com/auth/cloud-platform"]
[debug] > refreshing access token with scopes: ["email","https://www.googleapis.com/auth/cloud-platform","https://www.googleapis.com/auth/cloudplatformprojects.readonly","https://www.googleapis.com/auth/firebase","openid"]
[debug] >>> HTTP REQUEST POST https://www.googleapis.com/oauth2/v3/token { refresh_token: '1/ek0MCgDEYcO7I0OjJcT0uW7QmyCOnRoc_l-oZwg1q88',
  client_id: '563584335869-fgrhgmd47bqnekij5i8b5pr03ho849e6.apps.googleusercontent.com',
  client_secret: 'j9iVZfS8kkCEFUPaAeJV0sAi',
  grant_type: 'refresh_token',
  scope: 'email https://www.googleapis.com/auth/cloud-platform https://www.googleapis.com/auth/cloudplatformprojects.readonly https://www.googleapis.com/auth/firebase openid' } 
 Mon Jun 05 2017 20:58:46 GMT-0700 (MST)
[debug] <<< HTTP RESPONSE 200
[debug] >>> HTTP REQUEST GET https://admin.firebase.com/v1/projects/limeaid-63730  
 Mon Jun 05 2017 20:58:47 GMT-0700 (MST)
[debug] <<< HTTP RESPONSE 200
[debug] >>> HTTP REQUEST GET https://admin.firebase.com/v1/database/limeaid-63730/tokens  
 Mon Jun 05 2017 20:58:47 GMT-0700 (MST)
[debug] <<< HTTP RESPONSE 200
[info] 
[info] === Serving from '/Users/appledev/Sites/polymer/janus'...
[info] 
[debug] >>> HTTP REQUEST GET https://cloudresourcemanager.googleapis.com/v1/projects/limeaid-63730  
 Mon Jun 05 2017 20:58:48 GMT-0700 (MST)
[debug] <<< HTTP RESPONSE 200
[debug] >>> HTTP REQUEST GET https://mobilesdk-pa.googleapis.com/v1/projects/328254476807/clients/_:getWebAppConfig  
 Mon Jun 05 2017 20:58:48 GMT-0700 (MST)
[debug] <<< HTTP RESPONSE 200
[warn] ⚠  hosting: Port 5000 is not available. Trying another port...
[debug] >>> HTTP REQUEST GET https://cloudresourcemanager.googleapis.com/v1/projects/limeaid-63730  
 Mon Jun 05 2017 20:58:49 GMT-0700 (MST)
[debug] <<< HTTP RESPONSE 200
[debug] >>> HTTP REQUEST GET https://mobilesdk-pa.googleapis.com/v1/projects/328254476807/clients/_:getWebAppConfig  
 Mon Jun 05 2017 20:58:49 GMT-0700 (MST)
[debug] <<< HTTP RESPONSE 200
[warn] ⚠  hosting: Port 5004 is not available. Trying another port...
[debug] >>> HTTP REQUEST GET https://cloudresourcemanager.googleapis.com/v1/projects/limeaid-63730  
 Mon Jun 05 2017 20:58:50 GMT-0700 (MST)
[debug] <<< HTTP RESPONSE 200
[debug] >>> HTTP REQUEST GET https://mobilesdk-pa.googleapis.com/v1/projects/328254476807/clients/_:getWebAppConfig  
 Mon Jun 05 2017 20:58:50 GMT-0700 (MST)
[debug] <<< HTTP RESPONSE 200
[warn] ⚠  hosting: Port 5008 is not available. Trying another port...
[debug] >>> HTTP REQUEST GET https://cloudresourcemanager.googleapis.com/v1/projects/limeaid-63730  
 Mon Jun 05 2017 20:58:51 GMT-0700 (MST)
[debug] <<< HTTP RESPONSE 200
[debug] >>> HTTP REQUEST GET https://mobilesdk-pa.googleapis.com/v1/projects/328254476807/clients/_:getWebAppConfig  
 Mon Jun 05 2017 20:58:51 GMT-0700 (MST)
[debug] <<< HTTP RESPONSE 200
[info] i  hosting: Serving hosting files from: public
[info] ✔  hosting: Local server: http://localhost:5012

[debug] ----------------------------------------------------------------------
[debug] Command:      /usr/local/Cellar/node/6.9.1/bin/node /usr/local/bin/firebase serve
[debug] CLI Version:  3.8.0
[debug] Platform:     darwin
[debug] Node Version: v6.9.1
[debug] Time:         Tue Jun 06 2017 06:51:09 GMT-0700 (MST)
[debug] ----------------------------------------------------------------------
[debug] 
[debug] > command requires scopes: ["email","openid","https://www.googleapis.com/auth/cloudplatformprojects.readonly","https://www.googleapis.com/auth/firebase","https://www.googleapis.com/auth/cloud-platform"]
[debug] > refreshing access token with scopes: ["email","https://www.googleapis.com/auth/cloud-platform","https://www.googleapis.com/auth/cloudplatformprojects.readonly","https://www.googleapis.com/auth/firebase","openid"]
[debug] >>> HTTP REQUEST POST https://www.googleapis.com/oauth2/v3/token { refresh_token: '1/ek0MCgDEYcO7I0OjJcT0uW7QmyCOnRoc_l-oZwg1q88',
  client_id: '563584335869-fgrhgmd47bqnekij5i8b5pr03ho849e6.apps.googleusercontent.com',
  client_secret: 'j9iVZfS8kkCEFUPaAeJV0sAi',
  grant_type: 'refresh_token',
  scope: 'email https://www.googleapis.com/auth/cloud-platform https://www.googleapis.com/auth/cloudplatformprojects.readonly https://www.googleapis.com/auth/firebase openid' } 
 Tue Jun 06 2017 06:51:09 GMT-0700 (MST)
[debug] <<< HTTP RESPONSE 200
[debug] >>> HTTP REQUEST GET https://admin.firebase.com/v1/projects/limeaid-63730  
 Tue Jun 06 2017 06:51:10 GMT-0700 (MST)
[debug] <<< HTTP RESPONSE 200
[debug] >>> HTTP REQUEST GET https://admin.firebase.com/v1/database/limeaid-63730/tokens  
 Tue Jun 06 2017 06:51:11 GMT-0700 (MST)
[debug] <<< HTTP RESPONSE 200
[info] 
[info] === Serving from '/Users/appledev/Sites/polymer/janus'...
[info] 
[debug] >>> HTTP REQUEST GET https://cloudresourcemanager.googleapis.com/v1/projects/limeaid-63730  
 Tue Jun 06 2017 06:51:11 GMT-0700 (MST)
[debug] <<< HTTP RESPONSE 200
[debug] >>> HTTP REQUEST GET https://mobilesdk-pa.googleapis.com/v1/projects/328254476807/clients/_:getWebAppConfig  
 Tue Jun 06 2017 06:51:12 GMT-0700 (MST)
[debug] <<< HTTP RESPONSE 200
[info] i  hosting: Serving hosting files from: public
[info] ✔  hosting: Local server: http://localhost:5000

[debug] ----------------------------------------------------------------------
[debug] Command:      /usr/local/Cellar/node/6.9.1/bin/node /usr/local/bin/firebase serve
[debug] CLI Version:  3.8.0
[debug] Platform:     darwin
[debug] Node Version: v6.9.1
[debug] Time:         Tue Jun 06 2017 06:59:04 GMT-0700 (MST)
[debug] ----------------------------------------------------------------------
[debug] 
[debug] > command requires scopes: ["email","openid","https://www.googleapis.com/auth/cloudplatformprojects.readonly","https://www.googleapis.com/auth/firebase","https://www.googleapis.com/auth/cloud-platform"]
[debug] >>> HTTP REQUEST GET https://admin.firebase.com/v1/projects/limeaid-63730  
 Tue Jun 06 2017 06:59:04 GMT-0700 (MST)
[debug] <<< HTTP RESPONSE 200
[debug] >>> HTTP REQUEST GET https://admin.firebase.com/v1/database/limeaid-63730/tokens  
 Tue Jun 06 2017 06:59:05 GMT-0700 (MST)
[debug] <<< HTTP RESPONSE 200
[info] 
[info] === Serving from '/Users/appledev/Sites/polymer/janus'...
[info] 
[debug] >>> HTTP REQUEST GET https://cloudresourcemanager.googleapis.com/v1/projects/limeaid-63730  
 Tue Jun 06 2017 06:59:06 GMT-0700 (MST)
[debug] <<< HTTP RESPONSE 200
[debug] >>> HTTP REQUEST GET https://mobilesdk-pa.googleapis.com/v1/projects/328254476807/clients/_:getWebAppConfig  
 Tue Jun 06 2017 06:59:06 GMT-0700 (MST)
[debug] <<< HTTP RESPONSE 200
[warn] ⚠  hosting: Port 5000 is not available. Trying another port...
[debug] >>> HTTP REQUEST GET https://cloudresourcemanager.googleapis.com/v1/projects/limeaid-63730  
 Tue Jun 06 2017 06:59:07 GMT-0700 (MST)
[debug] <<< HTTP RESPONSE 200
[debug] >>> HTTP REQUEST GET https://mobilesdk-pa.googleapis.com/v1/projects/328254476807/clients/_:getWebAppConfig  
 Tue Jun 06 2017 06:59:07 GMT-0700 (MST)
[debug] <<< HTTP RESPONSE 200
[info] i  hosting: Serving hosting files from: public
[info] ✔  hosting: Local server: http://localhost:5004

[debug] ----------------------------------------------------------------------
[debug] Command:      /usr/local/Cellar/node/6.9.1/bin/node /usr/local/bin/firebase serve
[debug] CLI Version:  3.8.0
[debug] Platform:     darwin
[debug] Node Version: v6.9.1
[debug] Time:         Tue Jun 06 2017 07:51:41 GMT-0700 (MST)
[debug] ----------------------------------------------------------------------
[debug] 
[debug] > command requires scopes: ["email","openid","https://www.googleapis.com/auth/cloudplatformprojects.readonly","https://www.googleapis.com/auth/firebase","https://www.googleapis.com/auth/cloud-platform"]
[debug] > refreshing access token with scopes: ["email","https://www.googleapis.com/auth/cloud-platform","https://www.googleapis.com/auth/cloudplatformprojects.readonly","https://www.googleapis.com/auth/firebase","openid"]
[debug] >>> HTTP REQUEST POST https://www.googleapis.com/oauth2/v3/token { refresh_token: '1/ek0MCgDEYcO7I0OjJcT0uW7QmyCOnRoc_l-oZwg1q88',
  client_id: '563584335869-fgrhgmd47bqnekij5i8b5pr03ho849e6.apps.googleusercontent.com',
  client_secret: 'j9iVZfS8kkCEFUPaAeJV0sAi',
  grant_type: 'refresh_token',
  scope: 'email https://www.googleapis.com/auth/cloud-platform https://www.googleapis.com/auth/cloudplatformprojects.readonly https://www.googleapis.com/auth/firebase openid' } 
 Tue Jun 06 2017 07:51:41 GMT-0700 (MST)
[debug] <<< HTTP RESPONSE 200
[debug] >>> HTTP REQUEST GET https://admin.firebase.com/v1/projects/limeaid-63730  
 Tue Jun 06 2017 07:51:42 GMT-0700 (MST)
[debug] <<< HTTP RESPONSE 200
[debug] >>> HTTP REQUEST GET https://admin.firebase.com/v1/database/limeaid-63730/tokens  
 Tue Jun 06 2017 07:51:43 GMT-0700 (MST)
[debug] <<< HTTP RESPONSE 200
[info] 
[info] === Serving from '/Users/appledev/Sites/polymer/janus'...
[info] 
[debug] >>> HTTP REQUEST GET https://cloudresourcemanager.googleapis.com/v1/projects/limeaid-63730  
 Tue Jun 06 2017 07:51:43 GMT-0700 (MST)
[debug] ----------------------------------------------------------------------
[debug] Command:      /usr/local/Cellar/node/6.9.1/bin/node /usr/local/bin/firebase serve
[debug] CLI Version:  3.8.0
[debug] Platform:     darwin
[debug] Node Version: v6.9.1
[debug] Time:         Tue Jun 06 2017 07:52:15 GMT-0700 (MST)
[debug] ----------------------------------------------------------------------
[debug] 
[debug] > command requires scopes: ["email","openid","https://www.googleapis.com/auth/cloudplatformprojects.readonly","https://www.googleapis.com/auth/firebase","https://www.googleapis.com/auth/cloud-platform"]
[debug] >>> HTTP REQUEST GET https://admin.firebase.com/v1/projects/limeaid-63730  
 Tue Jun 06 2017 07:52:15 GMT-0700 (MST)
[debug] <<< HTTP RESPONSE 200
[debug] >>> HTTP REQUEST GET https://admin.firebase.com/v1/database/limeaid-63730/tokens  
 Tue Jun 06 2017 07:52:16 GMT-0700 (MST)
[debug] <<< HTTP RESPONSE 200
[info] 
[info] === Serving from '/Users/appledev/Sites/polymer/janus'...
[info] 
[debug] >>> HTTP REQUEST GET https://cloudresourcemanager.googleapis.com/v1/projects/limeaid-63730  
 Tue Jun 06 2017 07:52:17 GMT-0700 (MST)
[debug] <<< HTTP RESPONSE 200
[debug] >>> HTTP REQUEST GET https://mobilesdk-pa.googleapis.com/v1/projects/328254476807/clients/_:getWebAppConfig  
 Tue Jun 06 2017 07:52:17 GMT-0700 (MST)
[debug] <<< HTTP RESPONSE 200
[info] i  hosting: Serving hosting files from: public
[info] ✔  hosting: Local server: http://localhost:5000

